dotnet watch üî• Hot reload enabled. For a list of supported edits, see https://aka.ms/dotnet/hot-reload.
dotnet watch ‚åö Building /Users/amir/Documents/dev/kalshi-signals/web/web_asp.csproj ...
dotnet watch üî® Build succeeded: /Users/amir/Documents/dev/kalshi-signals/web/web_asp.csproj
dotnet watch ‚åö /Users/amir/Documents/dev/kalshi-signals/web/web_asp.csproj : warning NU1603: web_asp depends on FirebaseAdmin (>= 2.6.0) but FirebaseAdmin 2.6.0 was not found. FirebaseAdmin 3.0.0 was resolved instead.
dotnet watch ‚åö /Users/amir/Documents/dev/kalshi-signals/web/web_asp.csproj : warning NU1603: web_asp depends on FirebaseAdmin (>= 2.6.0) but FirebaseAdmin 2.6.0 was not found. FirebaseAdmin 3.0.0 was resolved instead.
dotnet watch ‚åö /Users/amir/Documents/dev/kalshi-signals/web/web_asp.csproj : warning NU1603: web_asp depends on FirebaseAdmin (>= 2.6.0) but FirebaseAdmin 2.6.0 was not found. FirebaseAdmin 3.0.0 was resolved instead.
dotnet watch ‚åö /Users/amir/Documents/dev/kalshi-signals/web/web_asp.csproj : warning NU1603: web_asp depends on FirebaseAdmin (>= 2.6.0) but FirebaseAdmin 2.6.0 was not found. FirebaseAdmin 3.0.0 was resolved instead.
Using launch settings from /Users/amir/Documents/dev/kalshi-signals/web/Properties/launchSettings.json...
info: Microsoft.Hosting.Lifetime[14]
      Now listening on: http://localhost:3011
info: Microsoft.Hosting.Lifetime[0]
      Application started. Press Ctrl+C to shut down.
info: Microsoft.Hosting.Lifetime[0]
      Hosting environment: Development
info: Microsoft.Hosting.Lifetime[0]
      Content root path: /Users/amir/Documents/dev/kalshi-signals/web
warn: Microsoft.AspNetCore.HttpsPolicy.HttpsRedirectionMiddleware[3]
      Failed to determine the https port for redirect.
[Config] BaseUrl: http://localhost:3006
[Config] PublicBaseUrl: http://localhost:3006
[Config] Env BACKEND_API_PUBLIC_URL: 
[Config] Config Backend:PublicBaseUrl: http://localhost:3006
info: System.Net.Http.HttpClient.BackendClient.LogicalHandler[100]
      Start processing HTTP request GET http://localhost:3006/api/markets?*
info: System.Net.Http.HttpClient.BackendClient.ClientHandler[100]
      Sending HTTP request GET http://localhost:3006/api/markets?*
dotnet watch ‚ö† msbuild: [Failure] Msbuild failed when processing the file '/Users/amir/Documents/dev/kalshi-signals/web/web_asp.csproj' with message: web_asp depends on FirebaseAdmin (>= 2.6.0) but FirebaseAdmin 2.6.0 was not found. FirebaseAdmin 3.0.0 was resolved instead.
dotnet watch ‚ö† msbuild: [Warning] Found project reference without a matching metadata reference: /Users/amir/Documents/dev/kalshi-signals/shared/KSignals.DTO/KSignals.DTO.csproj
info: System.Net.Http.HttpClient.BackendClient.ClientHandler[101]
      Received HTTP response headers after 5621.8123ms - 200
info: System.Net.Http.HttpClient.BackendClient.LogicalHandler[101]
      End processing HTTP request after 5632.6957ms - 200
info: System.Net.Http.HttpClient.BackendClient.LogicalHandler[100]
      Start processing HTTP request GET http://localhost:3006/api/events/categories
info: System.Net.Http.HttpClient.BackendClient.ClientHandler[100]
      Sending HTTP request GET http://localhost:3006/api/events/categories
info: System.Net.Http.HttpClient.BackendClient.ClientHandler[101]
      Received HTTP response headers after 266.8166ms - 200
info: System.Net.Http.HttpClient.BackendClient.LogicalHandler[101]
      End processing HTTP request after 266.8983ms - 200
info: web_asp.Services.FirebaseAuthService[0]
      Initializing Firebase using inline credentials
info: web_asp.Services.FirebaseAuthService[0]
      Firebase Admin initialized for project ksignals-5caa3
info: System.Net.Http.HttpClient.BackendClient.LogicalHandler[100]
      Start processing HTTP request POST http://localhost:3006/api/users/login
info: System.Net.Http.HttpClient.BackendClient.ClientHandler[100]
      Sending HTTP request POST http://localhost:3006/api/users/login
info: System.Net.Http.HttpClient.BackendClient.ClientHandler[101]
      Received HTTP response headers after 1165.0905ms - 200
info: System.Net.Http.HttpClient.BackendClient.LogicalHandler[101]
      End processing HTTP request after 1165.2222ms - 200
info: System.Net.Http.HttpClient.BackendClient.LogicalHandler[100]
      Start processing HTTP request GET http://localhost:3006/api/markets?*
info: System.Net.Http.HttpClient.BackendClient.ClientHandler[100]
      Sending HTTP request GET http://localhost:3006/api/markets?*
info: System.Net.Http.HttpClient.BackendClient.ClientHandler[101]
      Received HTTP response headers after 4597.8245ms - 200
info: System.Net.Http.HttpClient.BackendClient.LogicalHandler[101]
      End processing HTTP request after 4598.0348ms - 200
info: System.Net.Http.HttpClient.BackendClient.LogicalHandler[100]
      Start processing HTTP request GET http://localhost:3006/api/events/categories
info: System.Net.Http.HttpClient.BackendClient.ClientHandler[100]
      Sending HTTP request GET http://localhost:3006/api/events/categories
info: System.Net.Http.HttpClient.BackendClient.ClientHandler[101]
      Received HTTP response headers after 179.4868ms - 200
info: System.Net.Http.HttpClient.BackendClient.LogicalHandler[101]
      End processing HTTP request after 179.9648ms - 200
dotnet watch ‚åö File updated: ./Dockerfile
dotnet watch ‚åö No C# changes to apply.
info: System.Net.Http.HttpClient.BackendClient.LogicalHandler[100]
      Start processing HTTP request GET http://localhost:3006/api/markets?*
info: System.Net.Http.HttpClient.BackendClient.ClientHandler[100]
      Sending HTTP request GET http://localhost:3006/api/markets?*
info: System.Net.Http.HttpClient.BackendClient.ClientHandler[101]
      Received HTTP response headers after 4467.1451ms - 200
info: System.Net.Http.HttpClient.BackendClient.LogicalHandler[101]
      End processing HTTP request after 4467.3742ms - 200
info: System.Net.Http.HttpClient.BackendClient.LogicalHandler[100]
      Start processing HTTP request GET http://localhost:3006/api/events/categories
info: System.Net.Http.HttpClient.BackendClient.ClientHandler[100]
      Sending HTTP request GET http://localhost:3006/api/events/categories
info: System.Net.Http.HttpClient.BackendClient.ClientHandler[101]
      Received HTTP response headers after 206.3932ms - 200
info: System.Net.Http.HttpClient.BackendClient.LogicalHandler[101]
      End processing HTTP request after 206.5215ms - 200
dotnet watch ‚åö File updated: ./Dockerfile
dotnet watch ‚åö No C# changes to apply.
info: System.Net.Http.HttpClient.BackendClient.LogicalHandler[100]
      Start processing HTTP request GET http://localhost:3006/api/markets?*
info: System.Net.Http.HttpClient.BackendClient.ClientHandler[100]
      Sending HTTP request GET http://localhost:3006/api/markets?*
info: System.Net.Http.HttpClient.BackendClient.ClientHandler[101]
      Received HTTP response headers after 4723.8357ms - 200
info: System.Net.Http.HttpClient.BackendClient.LogicalHandler[101]
      End processing HTTP request after 4723.9808ms - 200
info: System.Net.Http.HttpClient.BackendClient.LogicalHandler[100]
      Start procdotnet watch ‚åö Building /Users/amir/Documents/dev/kalshi-signals/web/web_asp.csproj ...
dotnet watch üî® Build failed: /Users/amir/Documents/dev/kalshi-signals/web/web_asp.csproj
dotnet watch üî®   Determining projects to restore...
dotnet watch ‚åö /Users/amir/Documents/dev/kalshi-signals/web/web_asp.csproj : warning NU1603: web_asp depends on FirebaseAdmin (>= 2.6.0) but FirebaseAdmin 2.6.0 was not found. FirebaseAdmin 3.0.0 was resolved instead.
dotnet watch üî®   All projects are up-to-date for restore.
dotnet watch üî® /usr/local/share/dotnet/sdk/10.0.100-rc.1.25451.107/Sdks/Microsoft.NET.Sdk/targets/Microsoft.NET.RuntimeIdentifierInference.targets(345,5): message NETSDK1057: You are using a preview version of .NET. See: https://aka.ms/dotnet-support-policy [/Users/amir/Documents/dev/kalshi-signals/web/web_asp.csproj]
dotnet watch ‚åö /Users/amir/Documents/dev/kalshi-signals/web/web_asp.csproj : warning NU1603: web_asp depends on FirebaseAdmin (>= 2.6.0) but FirebaseAdmin 2.6.0 was not found. FirebaseAdmin 3.0.0 was resolved instead.
dotnet watch üî®   KSignals.DTO -> /Users/amir/Documents/dev/kalshi-signals/shared/KSignals.DTO/bin/Debug/netstandard2.1/KSignals.DTO.dll
dotnet watch ‚åö /Users/amir/Documents/dev/kalshi-signals/web/Pages/User/Account.cshtml.cs(49,45): warning CS8602: Dereference of a possibly null reference. [/Users/amir/Documents/dev/kalshi-signals/web/web_asp.csproj]
dotnet watch ‚åö /Users/amir/Documents/dev/kalshi-signals/web/Pages/User/Account.cshtml.cs(59,99): warning CS8602: Dereference of a possibly null reference. [/Users/amir/Documents/dev/kalshi-signals/web/web_asp.csproj]
dotnet watch ‚ùå CSC : error CS2012: Cannot open '/Users/amir/Documents/dev/kalshi-signals/web/obj/Debug/net10.0/web_asp.pdb' for writing -- The process cannot access the file '/Users/amir/Documents/dev/kalshi-signals/web/obj/Debug/net10.0/web_asp.pdb' because it is being used by another process. [/Users/amir/Documents/dev/kalshi-signals/web/web_asp.csproj]
dotnet watch üî® 
dotnet watch üî® Build FAILED.
dotnet watch üî® 
dotnet watch ‚åö /Users/amir/Documents/dev/kalshi-signals/web/web_asp.csproj : warning NU1603: web_asp depends on FirebaseAdmin (>= 2.6.0) but FirebaseAdmin 2.6.0 was not found. FirebaseAdmin 3.0.0 was info: System.Net.Http.HttpClient.BackendClient.ClientHandler[101]
      Received HTTP response headers after 4812.947ms - 200
info: System.Net.Http.HttpClient.BackendClient.LogicalHandler[101]
      End processing HTTP request after 4813.0617ms - 200
info: System.Net.Http.HttpClient.BackendClient.LogicalHandler[100]
      Start processing HTTP request GET http://localhost:3006/api/events/categories
info: System.Net.Http.HttpClient.BackendClient.ClientHandler[100]
      Sending HTTP request GET http://localhost:3006/api/events/categories
info: System.Net.Http.HttpClient.BackendClient.ClientHandler[101]
      Received HTTP response headers after 4728.1114ms - 200
info: System.Net.Http.HttpClient.BackendClient.LogicalHandler[101]
      End processing HTTP request after 4728.2093ms - 200
info: System.Net.Http.HttpClient.BackendClient.LogicalHandler[100]
      Start processing HTTP request GET http://localhost:3006/api/events/categories
info: System.Net.Http.HttpClient.BackendClient.ClientHandler[100]
      Sending HTTP request GET http://localhost:3006/api/events/categories
info: System.Net.Http.HttpClient.BackendClient.ClientHandler[101]
      Received HTTP response headers after 174.7732ms - 200
info: System.Net.Http.HttpClient.BackendClient.LogicalHandler[101]
      End processing HTTP request after 174.8695ms - 200
info: System.Net.Http.HttpClient.BackendClient.ClientHandler[101]
      Received HTTP response headers after 209.9542ms - 200
info: System.Net.Http.HttpClient.BackendClient.LogicalHandler[101]
      End processing HTTP request after 210.0699ms - 200
dotnet watch ‚åö File updated: ./Program.cs
dotnet watch ‚åö Unable to apply hot reload due to compilation errors.
dotnet watch ‚ùå /Users/amir/Documents/dev/kalshi-signals/web/Program.cs(26,29): error CS1525: Invalid expression term '??'
dotnet watch ‚åö File updated: ./Program.cs
dotnet watch ‚åö Unable to apply hot reload due to compilation errors.
dotnet watch ‚ùå /Users/amir/Documents/dev/kalshi-signals/web/Program.cs(26,29): error CS1525: Invalid expression term '??'
dotnet watch ‚åö File updated: ./Services/FirebaseAuthService.cs
dotnet watch ‚åö Unable to apply hot reload due to compilation errors.
dotnet watch ‚ùå /Users/amir/Documents/dev/kalshi-signals/web/Program.cs(26,29): error CS1525: Invalid expression term '??'
dotnet watch ‚åö File updated: ./Services/FirebaseAuthService.cs
dotnet watch ‚åö Unable to apply hot reload due to compilation errors.
dotnet watch ‚ùå /Users/amir/Documents/dev/kalshi-signals/web/Program.cs(26,29): error CS1525: Invalid expression term '??'
dotnet watch ‚åö File updated: /Users/amir/Documents/dev/kalshi-signals/shared/KSignals.DTO/obj/Debug/netstandard2.1/KSignals.DTO.AssemblyInfo.cs
dotnet watch ‚åö Unable to apply hot reload due to compilation errors.
dotnet watch ‚ùå /Users/amir/Documents/dev/kalshi-signals/web/Program.cs(26,29): error CS1525: Invalid expression term '??'
dotnet watch ‚ùå /Users/amir/Documents/dev/kalshi-signals/shared/KSignals.DTO/obj/Debug/netstandard2.1/KSignals.DTO.AssemblyInfo.cs(16,12): error ENC0003: Updating 'attribute' requires restarting the application.
dotnet watch ‚åö File updated: ./obj/Debug/net10.0/web_asp.AssemblyInfo.cs
dotnet watch ‚åö Unable to apply hot reload due to compilation errors.
dotnet watch ‚ùå /Users/amir/Documents/dev/kalshi-signals/web/Program.cs(26,29): error CS1525: Invalid expression term '??'
dotnet watch ‚ùå /Users/amir/Documents/dev/kalshi-signals/web/obj/Debug/net10.0/web_asp.AssemblyInfo.cs(16,12): error ENC0003: Updating 'attribute' requires restarting the application.
dotnet watch ‚ùå /Users/amir/Documents/dev/kalshi-signals/shared/KSignals.DTO/obj/Debug/netstandard2.1/KSignals.DTO.AssemblyInfo.cs(16,12): error ENC0003: Updating 'attribute' requires restarting the application.
d|0>d.MoveNext()
      --- End of stack trace from previous location ---
         at Microsoft.AspNetCore.Server.Kestrel.Core.Internal.AddressBinder.BindEndpointAsync(ListenOptions endpoint, AddressBindContext context, CancellationToken cancellationToken)
         --- End of inner exception stack trace ---
         at Microsoft.AspNetCore.Server.Kestrel.Core.Internal.AddressBinder.BindEndpointAsync(ListenOptions endpoint, AddressBindContext context, CancellationToken cancellationToken)
         at Microsoft.AspNetCore.Server.Kestrel.Core.LocalhostListenOptions.BindAsync(AddressBindContext context, CancellationToken cancellationToken)
         at Microsoft.AspNetCore.Server.Kestrel.Core.Internal.AddressBinder.AddressesStrategy.BindAsync(AddressBindContext context, CancellationToken cancellationToken)
         at Microsoft.AspNetCore.Server.Kestrel.Core.KestrelServerImpl.BindAsync(CancellationToken cancellationToken)
         at Microsoft.AspNetCore.Server.Kestrel.Core.KestrelServerImpl.StartAsync[TContext](IHttpApplication`1 application, CancellationToken cancellationToken)
         at Microsoft.AspNetCore.Hosting.GenericWebHostService.StartAsync(CancellationToken cancellationToken)
         at Microsoft.Extensions.Hosting.Internal.Host.<StartAsync>b__14_1(IHostedService service, CancellationToken token)
         at Microsoft.Extensions.Hosting.Internal.Host.ForeachService[T](IEnumerable`1 services, CancellationToken token, Boolean concurrent, Boolean abortOnFirstException, List`1 exceptions, Func`3 operation)
Unhandled exception. System.IO.IOException: Failed to bind to address http://127.0.0.1:3011: address already in use.
 ---> Microsoft.AspNetCore.Connections.AddressInUseException: Address already in use
 ---> System.Net.Sockets.SocketException (48): Address already in use
   at System.Net.Sockets.Socket.DoBind(EndPoint endPointSnapshot, SocketAddress socketAddress)
   at System.Net.Sockets.Socket.Bind(EndPoint localEP)
   at Microsoft.AspNetCore.Server.Kestrel.Transport.Sockets.SocketTransportOptions.CreateDefaultBoundListenSocket(EndPoint endpoint)
   at Microsoft.AspNetCore.Server.Kestrel.Transport.Sockets.SocketConnectionListener.Bind()
   --- End of inner exception stack trace ---
   at Microsoft.AspNetCore.Server.Kestrel.Transport.Sockets.SocketConnectionListener.Bind()
   at Microsoft.AspNetCore.Server.Kestrel.Transport.Sockets.SocketTransportFactory.BindAsync(EndPoint endpoint, CancellationToken cancellationToken)
   at Microsoft.AspNetCore.Server.Kestrel.Core.Internal.Infrastructure.TransportManager.BindAsync(EndPoint endPoint, ConnectionDelegate connectionDelegate, EndpointConfig endpointConfig, CancellationToken cancellationToken)
   at Microsoft.AspNetCore.Server.Kestrel.Core.KestrelServerImpl.<>c__DisplayClass28_0`1.<<StartAsync>g__OnBind|0>d.MoveNext()
--- End of stack trace from previous location ---
   at Microsoft.AspNetCore.Server.Kestrel.Core.Internal.AddressBinder.BindEndpointAsync(ListenOptions endpoint, AddressBindContext context, CancellationToken cancellationToken)
   --- End of inner exception stack trace ---
   at Microsoft.AspNetCore.Server.Kestrel.Core.Internal.AddressBinder.BindEndpointAsync(ListenOptions endpoint, AddressBindContext context, CancellationToken cancellationToken)
   at Microsoft.AspNetCore.Server.Kestrel.Core.LocalhostListenOptions.BindAsync(AddressBindContext context, CancellationToken cancellationToken)
   at Microsoft.AspNetCore.Server.Kestrel.Core.Internal.AddressBinder.AddressesStrategy.BindAsync(AddressBindContext context, CancellationToken cancellationToken)
   at Microsoft.AspNetCore.Server.Kestrel.Core.KestrelServerImpl.BindAsync(CancellationToken cancellationToken)
   at Microsoft.AspNetCore.Server.Kestrel.Core.KestrelServerImpl.StartAsync[TContext](IHttpApplication`1 application, CancellationToken cancellationToken)
   at Microsoft.AspNetCore.Hosting.GenericWebHostService.StartAsync(CancellationToken cancellationToken)
   at Microsoft.Extensions.Hosting.Internal.Host.<StartAsync>b__14_1(IHostedService service, CancellationToken token)
   at Microsoft.Extensions.Hosting.Internal.Host.ForeachService[T](IEnumerable`1 services, CancellationToken token, Boolean concurrent, Boolean abortOnFirstException, List`1 exceptions, Func`3 operation)
   at Microsoft.Extensions.Hosting.Internal.Host.StartAsync(CancellationToken cancellationToken)
   at Microsoft.Extensions.Hosting.HostingAbstractionsHostExtensions.RunAsync(IHost host, CancellationToken token)
   at Microsoft.Extensions.Hosting.HostingAbstractionsHostExtensions.RunAsync(IHost host, CancellationToken token)
   at Microsoft.Extensions.Hosting.HostingAbstractionsHostExtensions.Run(IHost host)
   at Program.<Main>$(String[] args) in /Users/amir/Documents/dev/kalshi-signals/web/Program.cs:line 193
dotnet watch ‚ùå [web_asp (net10.0)] Exited with error code 134
dotnet watch ‚è≥ Waiting for a file to change before restarting ...
dotnet watch ‚åö Building /Users/amir/Documents/dev/kalshi-signals/web/web_asp.csproj ...
dotnet watch üî® Build failed: /Users/amir/Documents/dev/kalshi-signals/web/web_asp.csproj
dotnet watch üî®   Determining projects to restore...
dotnet watch ‚åö /Users/amir/Documents/dev/kalshi-signals/web/web_asp.csproj : warning NU1603: web_asp depends on FirebaseAdmin (>= 2.6.0) but FirebaseAdmin 2.6.0 was not found. FirebaseAdmin 3.0.0 was resolved instead.
dotnet watch üî®   All projects are up-to-date for restore.
dotnet watch üî® /usr/local/share/dotnet/sdk/10.0.100-rc.1.25451.107/Sdks/Microsoft.NET.Sdk/targets/Microsoft.NET.RuntimeIdentifierInference.targets(345,5): message NETSDK1057: You are using a preview version of .NET. See: https://aka.ms/dotnet-support-policy [/Users/amir/Documents/dev/kalshi-signals/web/web_asp.csproj]
dotnet watch ‚åö /Users/amir/Documents/dev/kalshi-signals/web/web_asp.csproj : warning NU1603: web_asp depends on FirebaseAdmin (>= 2.6.0) but FirebaseAdmin 2.6.0 was not found. FirebaseAdmin 3.0.0 was resolved instead.
dotnet watch üî®   KSignals.DTO -> /Users/amir/Documents/dev/kalshi-signals/shared/KSignals.DTO/bin/Debug/netstandard2.1/KSignals.DTO.dll
dotnet watch ‚ùå /Users/amir/Documents/dev/kalshi-signals/web/Program.cs(26,29): error CS1525: Invalid expression term '??' [/Users/amir/Documents/dev/kalshi-signals/web/web_asp.csproj]
dotnet watch üî® 
dotnet watch üî® Build FAILED.
dotnet watch üî® 
dotnet watch ‚åö /Users/amir/Documents/dev/kalshi-signals/web/web_asp.csproj : warning NU1603: web_asp depends on FirebaseAdmin (>= 2.6.0) but FirebaseAdmin 2.6.0 was not found. FirebaseAdmin 3.0.0 was resolved instead.
dotnet watch ‚åö /Users/amir/Documents/dev/kalshi-signals/web/web_asp.csproj : warning NU1603: web_asp depends on FirebaseAdmin (>= 2.6.0) but FirebaseAdmin 2.6.0 was not found. FirebaseAdmin 3.0.0 was resolved instead.
dotnet watch ‚ùå /Users/amir/Documents/dev/kalshi-signals/web/Program.cs(26,29): error CS1525: Invalid expression term '??' [/Users/amir/Documents/dev/kalshi-signals/web/web_asp.csproj]
dotnet watch üî®     2 Warning(s)
dotnet watch üî®     1 Error(s)
dotnet watch üî® 
dotnet watch üî® Time Elapsed 00:00:00.78
dotnet watch ‚è≥ Waiting for a file to change before restarting ...
dotnet watch ‚åö Building /Users/amir/Documents/dev/kalshi-signals/web/web_asp.csproj ...
dotnet watch üî® Build failed: /Users/amir/Documents/dev/kalshi-signals/web/web_asp.csproj
dotnet watch üî®   Determining projects to restore...
dotnet watch ‚åö /Users/amir/Documents/dev/kalshi-signals/web/web_asp.csproj : warning NU1603: web_asp depends on FirebaseAdmin (>= 2.6.0) but FirebaseAdmin 2.6.0 was not found. FirebaseAdmin 3.0.0 was resolved instead.
dotnet watch üî®   All projects are up-to-date for restore.
dotnet watch üî® /usr/local/share/dotnet/sdk/10.0.100-rc.1.25451.107/Sdks/Microsoft.NET.Sdk/targets/Microsoft.NET.RuntimeIdentifierInference.targets(345,5): message NETSDK1057: You are using a preview version of .NET. See: https://aka.ms/dotnet-support-policy [/Users/amir/Documents/dev/kalshi-signals/web/web_asp.csproj]
dotnet watch ‚åö /Users/amir/Documents/dev/kalshi-signals/web/web_asp.csproj : warning NU1603: web_asp depends on FirebaseAdmin (>= 2.6.0) but FirebaseAdmin 2.6.0 was not found. FirebaseAdmin 3.0.0 was resolved instead.
dotnet watch üî®   KSignals.DTO -> /Users/amir/Documents/dev/kalshi-signals/shared/KSignals.DTO/bin/Debug/netstandard2.1/KSignals.DTO.dll
dotnet watch ‚ùå /Users/amir/Documents/dev/kalshi-signals/web/Program.cs(26,29): error CS1525: Invalid expression term '??' [/Users/amir/Documents/dev/kalshi-signals/web/web_asp.csproj]
dotnet watch üî® 
dotnet watch üî® Build FAILED.
dotnet watch üî® 
dotnet watch ‚åö /Users/amir/Documents/dev/kalshi-signals/web/web_asp.csproj : warning NU1603: web_asp depends on FirebaseAdmin (>= 2.6.0) but FirebaseAdmin 2.6.0 was not found. FirebaseAdmin 3.0.0 was resolved instead.
dotnet watch ‚åö /Users/amir/Documents/dev/kalshi-signals/web/web_asp.csproj : warning NU1603: web_asp depends on FirebaseAdmin (>= 2.6.0) but FirebaseAdmin 2.6.0 was not found. FirebaseAdmin 3.0.0 was resolved instead.
dotnet watch ‚ùå /Users/amir/Documents/dev/kalshi-signals/web/Program.cs(26,29): error CS1525: Invalid expression term '??' [/Users/amir/Documents/dev/kalshi-signals/web/web_asp.csproj]
dotnet watch üî®     2 Warning(s)
dotnet watch üî®     1 Error(s)
dotnet watch üî® 
dotnet watch üî® Time Elapsed 00:00:00.79
dotnet watch ‚è≥ Waiting for a file to change before restarting ...
dotnet watch ‚åö Building /Users/amir/Documents/dev/kalshi-signals/web/web_asp.csproj ...
dotnet watch üî® Build failed: /Users/amir/Documents/dev/kalshi-signals/web/web_asp.csproj
dotnet watch üî®   Determining projects to restore...
dotnet watch ‚åö /Users/amir/Documents/dev/kalshi-signals/web/web_asp.csproj : warning NU1603: web_asp depends on FirebaseAdmin (>= 2.6.0) but FirebaseAdmin 2.6.0 was not found. FirebaseAdmin 3.0.0 was resolved instead.
dotnet watch üî®   All projects are up-to-date for restore.
dotnet watch üî® /usr/local/share/dotnet/sdk/10.0.100-rc.1.25451.107/Sdks/Microsoft.NET.Sdk/targets/Microsoft.NET.RuntimeIdentifierInference.targets(345,5): message NETSDK1057: You are using a preview version of .NET. See: https://aka.ms/dotnet-support-policy [/Users/amir/Documents/dev/kalshi-signals/web/web_asp.csproj]
dotnet watch ‚åö /Users/amir/Documents/dev/kalshi-signals/web/web_asp.csproj : warning NU1603: web_asp depends on FirebaseAdmin (>= 2.6.0) but FirebaseAdmin 2.6.0 was not found. FirebaseAdmin 3.0.0 was resolved instead.
dotnet watch üî®   KSignals.DTO -> /Users/amir/Documents/dev/kalshi-signals/shared/KSignals.DTO/bin/Debug/netstandard2.1/KSignals.DTO.dll
dotnet watch ‚ùå /Users/amir/Documents/dev/kalshi-signals/web/Program.cs(26,29): error CS1525: Invalid expression term '??' [/Users/amir/Documents/dev/kalshi-signals/web/web_asp.csproj]
dotnet watch üî® 
dotnet watch üî® Build FAILED.
dotnet watch üî® 
dotnet watch ‚åö /Users/amir/Documents/dev/kalshi-signals/web/web_asp.csproj : warning NU1603: web_asp depends on FirebaseAdmin (>= 2.6.0) but FirebaseAdmin 2.6.0 was not found. FirebaseAdmin 3.0.0 was resolved instead.
dotnet watch ‚åö /Users/amir/Documents/dev/kalshi-signals/web/web_asp.csproj : warning NU1603: web_asp depends on FirebaseAdmin (>= 2.6.0) but FirebaseAdmin 2.6.0 was not found. FirebaseAdmin 3.0.0 was resolved instead.
dotnet watch ‚ùå /Users/amir/Documents/dev/kalshi-signals/web/Program.cs(26,29): error CS1525: Invalid expression term '??' [/Users/amir/Documents/dev/kalshi-signals/web/web_asp.csproj]
dotnet watch üî®     2 Warning(s)
dotnet watch üî®     1 Error(s)
dotnet watch üî® 
dotnet watch üî® Time Elapsed 00:00:00.76
dotnet watch ‚è≥ Waiting for a file to change before restarting ...
dotnet watch ‚åö Building /Users/amir/Documents/dev/kalshi-signals/web/web_asp.csproj ...
dotnet watch üî® Build failed: /Users/amir/Documents/dev/kalshi-signals/web/web_asp.csproj
dotnet watch üî®   Determining projects to restore...
dotnet watch ‚åö /Users/amir/Documents/dev/kalshi-signals/web/web_asp.csproj : warning NU1603: web_asp depends on FirebaseAdmin (>= 2.6.0) but FirebaseAdmin 2.6.0 was not found. FirebaseAdmin 3.0.0 was resolved instead.
dotnet watch üî®   All projects are up-to-date for restore.
dotnet watch üî® /usr/local/share/dotnet/sdk/10.0.100-rc.1.25451.107/Sdks/Microsoft.NET.Sdk/targets/Microsoft.NET.RuntimeIdentifierInference.targets(345,5): message NETSDK1057: You are using a preview version of .NET. See: https://aka.ms/dotnet-support-policy [/Users/amir/Documents/dev/kalshi-signals/web/web_asp.csproj]
dotnet watch ‚åö /Users/amir/Documents/dev/kalshi-signals/web/web_asp.csproj : warning NU1603: web_asp depends on FirebaseAdmin (>= 2.6.0) but FirebaseAdmin 2.6.0 was not found. FirebaseAdmin 3.0.0 was resolved instead.
dotnet watch üî®   KSignals.DTO -> /Users/amir/Documents/dev/kalshi-signals/shared/KSignals.DTO/bin/Debug/netstandard2.1/KSignals.DTO.dll
dotnet watch ‚ùå /Users/amir/Documents/dev/kalshi-signals/web/Program.cs(26,29): error CS1525: Invalid expression term '??' [/Users/amir/Documents/dev/kalshi-signals/web/web_asp.csproj]
dotnet watch üî® 
dotnet watch üî® Build FAILED.
dotnet watch üî® 
dotnet watch ‚åö /Users/amir/Documents/dev/kalshi-signals/web/web_asp.csproj : warning NU1603: web_asp depends on FirebaseAdmin (>= 2.6.0) but FirebaseAdmin 2.6.0 was not found. FirebaseAdmin 3.0.0 was resolved instead.
dotnet watch ‚åö /Users/amir/Documents/dev/kalshi-signals/web/web_asp.csproj : warning NU1603: web_asp depends on FirebaseAdmin (>= 2.6.0) but FirebaseAdmin 2.6.0 was not found. FirebaseAdmin 3.0.0 was resolved instead.
dotnet watch ‚ùå /Users/amir/Documents/dev/kalshi-signals/web/Program.cs(26,29): error CS1525: Invalid expression term '??' [/Users/amir/Documents/dev/kalshi-signals/web/web_asp.csproj]
dotnet watch üî®     2 Warning(s)
dotnet watch üî®     1 Error(s)
dotnet watch üî® 
dotnet watch üî® Time Elapsed 00:00:00.73
dotnet watch ‚è≥ Waiting for a file to change before restarting ...
dotnet watch ‚åö Building /Users/amir/Documents/dev/kalshi-signals/web/web_asp.csproj ...
dotnet watch üî® Build failed: /Users/amir/Documents/dev/kalshi-signals/web/web_asp.csproj
dotnet watch üî®   Determining projects to restore...
dotnet watch ‚åö /Users/amir/Documents/dev/kalshi-signals/web/web_asp.csproj : warning NU1603: web_asp depends on FirebaseAdmin (>= 2.6.0) but FirebaseAdmin 2.6.0 was not found. FirebaseAdmin 3.0.0 was resolved instead.
dotnet watch üî®   All projects are up-to-date for restore.
dotnet watch üî® /usr/local/share/dotnet/sdk/10.0.100-rc.1.25451.107/Sdks/Microsoft.NET.Sdk/targets/Microsoft.NET.RuntimeIdentifierInference.targets(345,5): message NETSDK1057: You are using a preview version of .NET. See: https://aka.ms/dotnet-support-policy [/Users/amir/Documents/dev/kalshi-signals/web/web_asp.csproj]
dotnet watch ‚åö /Users/amir/Documents/dev/kalshi-signals/web/web_asp.csproj : warning NU1603: web_asp depends on FirebaseAdmin (>= 2.6.0) but FirebaseAdmin 2.6.0 was not found. FirebaseAdmin 3.0.0 was resolved instead.
dotnet watch üî®   KSignals.DTO -> /Users/amir/Documents/dev/kalshi-signals/shared/KSignals.DTO/bin/Debug/netstandard2.1/KSignals.DTO.dll
dotnet watch ‚ùå /Users/amir/Documents/dev/kalshi-signals/web/Program.cs(26,29): error CS1525: Invalid expression term '??' [/Users/amir/Documents/dev/kalshi-signals/web/web_asp.csproj]
dotnet watch üî® 
dotnet watch üî® Build FAILED.
dotnet watch üî® 
dotnet watch ‚åö /Users/amir/Documents/dev/kalshi-signals/web/web_asp.csproj : warning NU1603: web_asp depends on FirebaseAdmin (>= 2.6.0) but FirebaseAdmin 2.6.0 was not found. FirebaseAdmin 3.0.0 was resolved instead.
dotnet watch ‚åö /Users/amir/Documents/dev/kalshi-signals/web/web_asp.csproj : warning NU1603: web_asp depends on FirebaseAdmin (>= 2.6.0) but FirebaseAdmin 2.6.0 was not found. FirebaseAdmin 3.0.0 was resolved instead.
dotnet watch ‚ùå /Users/amir/Documents/dev/kalshi-signals/web/Program.cs(26,29): error CS1525: Invalid expression term '??' [/Users/amir/Documents/dev/kalshi-signals/web/web_asp.csproj]
dotnet watch üî®     2 Warning(s)
dotnet watch üî®     1 Error(s)
dotnet watch üî® 
dotnet watch üî® Time Elapsed 00:00:01.18
dotnet watch ‚è≥ Waiting for a file to change before restarting ...
dotnet watch ‚åö Building /Users/amir/Documents/dev/kalshi-signals/web/web_asp.csproj ...
dotnet watch üî® Build failed: /Users/amir/Documents/dev/kalshi-signals/web/web_asp.csproj
dotnet watch üî®   Determining projects to restore...
dotnet watch ‚åö /Users/amir/Documents/dev/kalshi-signals/web/web_asp.csproj : warning NU1603: web_asp depends on FirebaseAdmin (>= 2.6.0) but FirebaseAdmin 2.6.0 was not found. FirebaseAdmin 3.0.0 was resolved instead.
dotnet watch üî®   All projects are up-to-date for restore.
dotnet watch üî® /usr/local/share/dotnet/sdk/10.0.100-rc.1.25451.107/Sdks/Microsoft.NET.Sdk/targets/Microsoft.NET.RuntimeIdentifierInference.targets(345,5): message NETSDK1057: You are using a preview version of .NET. See: https://aka.ms/dotnet-support-policy [/Users/amir/Documents/dev/kalshi-signals/web/web_asp.csproj]
dotnet watch ‚åö /Users/amir/Documents/dev/kalshi-signals/web/web_asp.csproj : warning NU1603: web_asp depends on FirebaseAdmin (>= 2.6.0) but FirebaseAdmin 2.6.0 was not found. FirebaseAdmin 3.0.0 was resolved instead.
dotnet watch üî®   KSignals.DTO -> /Users/amir/Documents/dev/kalshi-signals/shared/KSignals.DTO/bin/Debug/netstandard2.1/KSignals.DTO.dll
dotnet watch ‚ùå /Users/amir/Documents/dev/kalshi-signals/web/Program.cs(26,29): error CS1525: Invalid expression term '??' [/Users/amir/Documents/dev/kalshi-signals/web/web_asp.csproj]
dotnet watch üî® 
dotnet watch üî® Build FAILED.
dotnet watch üî® 
dotnet watch ‚åö /Users/amir/Documents/dev/kalshi-signals/web/web_asp.csproj : warning NU1603: web_asp depends on FirebaseAdmin (>= 2.6.0) but FirebaseAdmin 2.6.0 was not found. FirebaseAdmin 3.0.0 was resolved instead.
dotnet watch ‚åö /Users/amir/Documents/dev/kalshi-signals/web/web_asp.csproj : warning NU1603: web_asp depends on FirebaseAdmin (>= 2.6.0) but FirebaseAdmin 2.6.0 was not found. FirebaseAdmin 3.0.0 was resolved instead.
dotnet watch ‚ùå /Users/amir/Documents/dev/kalshi-signals/web/Program.cs(26,29): error CS1525: Invalid expression term '??' [/Users/amir/Documents/dev/kalshi-signals/web/web_asp.csproj]
dotnet watch üî®     2 Warning(s)
dotnet watch üî®     1 Error(s)
dotnet watch üî® 
dotnet watch üî® Time Elapsed 00:00:00.89
dotnet watch ‚è≥ Waiting for a file to change before restarting ...
/web/web_asp.csproj]
dotnet watch üî®     2 Warning(s)
dotnet watch üî®     1 Error(s)
dotnet watch üî® 
dotnet watch üî® Time Elapsed 00:00:01.21
dotnet watch ‚è≥ Waiting for a file to change before restarting ...
dotnet watch ‚åö Building /Users/amir/Documents/dev/kalshi-signals/web/web_asp.csproj ...
dotnet watch üî® Build failed: /Users/amir/Documents/dev/kalshi-signals/web/web_asp.csproj
dotnet watch üî®   Determining projects to restore...
dotnet watch ‚åö /Users/amir/Documents/dev/kalshi-signals/web/web_asp.csproj : warning NU1603: web_asp depends on FirebaseAdmin (>= 2.6.0) but FirebaseAdmin 2.6.0 was not found. FirebaseAdmin 3.0.0 was resolved instead.
dotnet watch üî®   All projects are up-to-date for restore.
dotnet watch üî® /usr/local/share/dotnet/sdk/10.0.100-rc.1.25451.107/Sdks/Microsoft.NET.Sdk/targets/Microsoft.NET.RuntimeIdentifierInference.targets(345,5): message NETSDK1057: You are using a preview version of .NET. See: https://aka.ms/dotnet-support-policy [/Users/amir/Documents/dev/kalshi-signals/web/web_asp.csproj]
dotnet watch ‚åö /Users/amir/Documents/dev/kalshi-signals/web/web_asp.csproj : warning NU1603: web_asp depends on FirebaseAdmin (>= 2.6.0) but FirebaseAdmin 2.6.0 was not found. FirebaseAdmin 3.0.0 was resolved instead.
dotnet watch üî®   KSignals.DTO -> /Users/amir/Documents/dev/kalshi-signals/shared/KSignals.DTO/bin/Debug/netstandard2.1/KSignals.DTO.dll
dotnet watch ‚ùå /Users/amir/Documents/dev/kalshi-signals/web/Program.cs(26,29): error CS1525: Invalid expression term '??' [/Users/amir/Documents/dev/kalshi-signals/web/web_asp.csproj]
dotnet watch üî® 
dotnet watch üî® Build FAILED.
dotnet watch üî® 
dotnet watch ‚åö /Users/amir/Documents/dev/kalshi-signals/web/web_asp.csproj : warning NU1603: web_asp depends on FirebaseAdmin (>= 2.6.0) but FirebaseAdmin 2.6.0 was not found. FirebaseAdmin 3.0.0 was resolved instead.
dotnet watch ‚åö /Users/amir/Documents/dev/kalshi-signals/web/web_asp.csproj : warning NU1603: web_asp depends on FirebaseAdmin (>= 2.6.0) but FirebaseAdmin 2.6.0 was not found. FirebaseAdmin 3.0.0 was resolved instead.
dotnet watch ‚ùå /Users/amir/Documents/dev/kalshi-signals/web/Program.cs(26,29): error CS1525: Invalid expression term '??' [/Users/amir/Documents/dev/kalshi-signals/web/web_asp.csproj]
dotnet watch üî®     2 Warning(s)
dotnet watch üî®     1 Error(s)
dotnet watch üî® 
dotnet watch üî® Time Elapsed 00:00:00.90
dotnet watch ‚è≥ Waiting for a file to change before restarting ...
